<?xml version="1.0" encoding="UTF-8"?>
<!-- Generated by org.testng.reporters.JUnitReportReporter -->
<testsuite hostname="DESKTOP-JBGQ09U" name="nopCommerceTestNG.qa.testcases.LoginPageTest" tests="2" failures="0" timestamp="21 Jul 2020 18:54:06 GMT" time="16.333" errors="0">
  <testcase name="loginPageTitle" time="6.750" classname="nopCommerceTestNG.qa.testcases.LoginPageTest"/>
  <testcase name="clickLoginPageTest" time="9.583" classname="nopCommerceTestNG.qa.testcases.LoginPageTest"/>
</testsuite> <!-- nopCommerceTestNG.qa.testcases.LoginPageTest -->
