<?xml version="1.0" encoding="UTF-8"?>
<!-- Generated by org.testng.reporters.JUnitReportReporter -->
<testsuite hostname="DESKTOP-JBGQ09U" name="nopCommerceTestNG.qa.testcases.SpecAttributesPageTest" tests="2" failures="0" timestamp="21 Jul 2020 18:54:06 GMT" time="25.278" errors="0">
  <testcase name="specLabelTest" time="12.793" classname="nopCommerceTestNG.qa.testcases.SpecAttributesPageTest"/>
  <testcase name="SpecAttributesPageTitleTest" time="12.485" classname="nopCommerceTestNG.qa.testcases.SpecAttributesPageTest"/>
</testsuite> <!-- nopCommerceTestNG.qa.testcases.SpecAttributesPageTest -->
