<?xml version="1.0" encoding="UTF-8"?>
<!-- Generated by org.testng.reporters.JUnitReportReporter -->
<testsuite hostname="DESKTOP-JBGQ09U" name="nopCommerceTestNG.qa.testcases.ProductTagsPageTest" tests="3" failures="0" timestamp="21 Jul 2020 18:54:06 GMT" time="34.480" errors="0">
  <testcase name="verifyLabelTest" time="10.994" classname="nopCommerceTestNG.qa.testcases.ProductTagsPageTest"/>
  <testcase name="productTagsPageTitleTest" time="11.814" classname="nopCommerceTestNG.qa.testcases.ProductTagsPageTest"/>
  <testcase name="searchTagsTest" time="11.672" classname="nopCommerceTestNG.qa.testcases.ProductTagsPageTest"/>
</testsuite> <!-- nopCommerceTestNG.qa.testcases.ProductTagsPageTest -->
