<?xml version="1.0" encoding="UTF-8"?>
<!-- Generated by org.testng.reporters.JUnitReportReporter -->
<testsuite hostname="DESKTOP-JBGQ09U" name="nopCommerceTestNG.qa.testcases.ProductsPageTest" tests="2" failures="0" timestamp="21 Jul 2020 18:54:06 GMT" time="21.555" errors="0">
  <testcase name="productsPageTitleTest" time="11.212" classname="nopCommerceTestNG.qa.testcases.ProductsPageTest"/>
  <testcase name="searchProductsTest" time="10.343" classname="nopCommerceTestNG.qa.testcases.ProductsPageTest"/>
</testsuite> <!-- nopCommerceTestNG.qa.testcases.ProductsPageTest -->
