<?xml version="1.0" encoding="UTF-8"?>
<!-- Generated by org.testng.reporters.JUnitReportReporter -->
<testsuite hostname="DESKTOP-JBGQ09U" name="nopCommerceTestNG.qa.testcases.ManufacturersPageTest" tests="4" failures="0" timestamp="21 Jul 2020 18:54:06 GMT" time="40.188" errors="0">
  <testcase name="manufacturersPageTitleTest" time="9.569" classname="nopCommerceTestNG.qa.testcases.ManufacturersPageTest"/>
  <testcase name="searchPublishedOnlyTest" time="9.518" classname="nopCommerceTestNG.qa.testcases.ManufacturersPageTest"/>
  <testcase name="searchAllTest" time="10.560" classname="nopCommerceTestNG.qa.testcases.ManufacturersPageTest"/>
  <testcase name="searchUnpublishedOnlyTest" time="10.541" classname="nopCommerceTestNG.qa.testcases.ManufacturersPageTest"/>
</testsuite> <!-- nopCommerceTestNG.qa.testcases.ManufacturersPageTest -->
