<?xml version="1.0" encoding="UTF-8"?>
<!-- Generated by org.testng.reporters.JUnitReportReporter -->
<testsuite hostname="DESKTOP-JBGQ09U" name="nopCommerceTestNG.qa.testcases.ProductReviewsPageTest" tests="5" failures="0" timestamp="21 Jul 2020 18:54:06 GMT" time="58.399" errors="0">
  <testcase name="productReviewsPageTitleTest" time="10.816" classname="nopCommerceTestNG.qa.testcases.ProductReviewsPageTest"/>
  <testcase name="searchProductReviewsTest" time="11.539" classname="nopCommerceTestNG.qa.testcases.ProductReviewsPageTest"/>
  <testcase name="searchDisapprovedOnlyTest" time="10.897" classname="nopCommerceTestNG.qa.testcases.ProductReviewsPageTest"/>
  <testcase name="searchApprovedOnlyTest" time="12.652" classname="nopCommerceTestNG.qa.testcases.ProductReviewsPageTest"/>
  <testcase name="searchAllProductReviewsTest" time="12.495" classname="nopCommerceTestNG.qa.testcases.ProductReviewsPageTest"/>
</testsuite> <!-- nopCommerceTestNG.qa.testcases.ProductReviewsPageTest -->
