<?xml version="1.0" encoding="UTF-8"?>
<!-- Generated by org.testng.reporters.JUnitReportReporter -->
<testsuite hostname="DESKTOP-JBGQ09U" name="nopCommerceTestNG.qa.testcases.AttributesPageTest" tests="6" failures="0" timestamp="21 Jul 2020 18:54:06 GMT" time="90.313" errors="0">
  <testcase name="labelTest" time="12.129" classname="nopCommerceTestNG.qa.testcases.AttributesPageTest"/>
  <testcase name="deleteSelectedTest" time="13.711" classname="nopCommerceTestNG.qa.testcases.AttributesPageTest"/>
  <testcase name="clickAddNewTest" time="13.507" classname="nopCommerceTestNG.qa.testcases.AttributesPageTest"/>
  <testcase name="attributesPageTitleTest" time="11.369" classname="nopCommerceTestNG.qa.testcases.AttributesPageTest"/>
  <testcase name="verifyMessageTest" time="22.045" classname="nopCommerceTestNG.qa.testcases.AttributesPageTest"/>
  <testcase name="checkhDDCheckBoxTest" time="17.552" classname="nopCommerceTestNG.qa.testcases.AttributesPageTest"/>
</testsuite> <!-- nopCommerceTestNG.qa.testcases.AttributesPageTest -->
