<?xml version="1.0" encoding="UTF-8"?>
<!-- Generated by org.testng.reporters.JUnitReportReporter -->
<testsuite hostname="DESKTOP-JBGQ09U" name="nopCommerceTestNG.qa.testcases.AddNewAttributePageTest" tests="1" failures="0" timestamp="21 Jul 2020 18:54:06 GMT" time="13.327" errors="0">
  <testcase name="addNewAttributePageTitleTest" time="13.327" classname="nopCommerceTestNG.qa.testcases.AddNewAttributePageTest"/>
</testsuite> <!-- nopCommerceTestNG.qa.testcases.AddNewAttributePageTest -->
