<?xml version="1.0" encoding="UTF-8"?>
<!-- Generated by org.testng.reporters.JUnitReportReporter -->
<testsuite hostname="DESKTOP-JBGQ09U" name="nopCommerceTestNG.qa.testcases.CategoriesPageTest" tests="4" failures="0" timestamp="21 Jul 2020 18:54:06 GMT" time="43.204" errors="0">
  <testcase name="searchAllCategoriesTest" time="11.142" classname="nopCommerceTestNG.qa.testcases.CategoriesPageTest"/>
  <testcase name="searchPublishOnlyTest" time="10.800" classname="nopCommerceTestNG.qa.testcases.CategoriesPageTest"/>
  <testcase name="verifyPageTitleTest" time="10.313" classname="nopCommerceTestNG.qa.testcases.CategoriesPageTest"/>
  <testcase name="searhUnpublishedOnly" time="10.949" classname="nopCommerceTestNG.qa.testcases.CategoriesPageTest"/>
</testsuite> <!-- nopCommerceTestNG.qa.testcases.CategoriesPageTest -->
