<?xml version="1.0" encoding="UTF-8"?>
<!-- Generated by org.testng.reporters.JUnitReportReporter -->
<testsuite hostname="DESKTOP-JBGQ09U" name="nopCommerceTestNG.qa.testcases.HomePageTest" tests="10" failures="0" timestamp="21 Jul 2020 18:54:06 GMT" time="111.888" errors="0">
  <testcase name="clickSystemTest" time="9.620" classname="nopCommerceTestNG.qa.testcases.HomePageTest"/>
  <testcase name="cickHelpTest" time="9.734" classname="nopCommerceTestNG.qa.testcases.HomePageTest"/>
  <testcase name="clickPromotionsTest" time="10.360" classname="nopCommerceTestNG.qa.testcases.HomePageTest"/>
  <testcase name="clickSalesTest" time="12.862" classname="nopCommerceTestNG.qa.testcases.HomePageTest"/>
  <testcase name="clickCustomersTest" time="9.122" classname="nopCommerceTestNG.qa.testcases.HomePageTest"/>
  <testcase name="homePageTitleTest" time="8.883" classname="nopCommerceTestNG.qa.testcases.HomePageTest"/>
  <testcase name="clickConfiguratioinsTest" time="10.526" classname="nopCommerceTestNG.qa.testcases.HomePageTest"/>
  <testcase name="clickCmanagementTest" time="10.264" classname="nopCommerceTestNG.qa.testcases.HomePageTest"/>
  <testcase name="clickReportsTest" time="10.196" classname="nopCommerceTestNG.qa.testcases.HomePageTest"/>
  <testcase name="clickCatalogTest" time="20.321" classname="nopCommerceTestNG.qa.testcases.HomePageTest"/>
</testsuite> <!-- nopCommerceTestNG.qa.testcases.HomePageTest -->
