<?xml version="1.0" encoding="UTF-8"?>
<!-- Generated by org.testng.reporters.JUnitReportReporter -->
<testsuite skipped="1" hostname="DESKTOP-JBGQ09U" name="nopCommerceTestNG.qa.testcases.ProductTagsPageTest" tests="2" failures="0" timestamp="22 Jul 2020 20:25:08 GMT" time="11.927" errors="0">
  <testcase name="productTagsPageTitleTest" time="11.927" classname="nopCommerceTestNG.qa.testcases.ProductTagsPageTest"/>
  <testcase name="searchTagsTest" classname="nopCommerceTestNG.qa.testcases.ProductTagsPageTest">
    <skipped/>
  </testcase> <!-- searchTagsTest -->
</testsuite> <!-- nopCommerceTestNG.qa.testcases.ProductTagsPageTest -->
