<?xml version="1.0" encoding="UTF-8"?>
<!-- Generated by org.testng.reporters.JUnitReportReporter -->
<testsuite skipped="0" hostname="DESKTOP-JBGQ09U" name="nopCommerceTestNG.qa.testcases.AttributesPageTest" tests="1" failures="0" timestamp="22 Jul 2020 20:25:08 GMT" time="12.952" errors="0">
  <testcase name="attributesPageTitleTest" time="12.952" classname="nopCommerceTestNG.qa.testcases.AttributesPageTest"/>
</testsuite> <!-- nopCommerceTestNG.qa.testcases.AttributesPageTest -->
