<?xml version="1.0" encoding="UTF-8"?>
<!-- Generated by org.testng.reporters.JUnitReportReporter -->
<testsuite skipped="0" hostname="DESKTOP-JBGQ09U" name="nopCommerceTestNG.qa.testcases.LoginPageTest" tests="1" failures="0" timestamp="22 Jul 2020 20:25:08 GMT" time="6.900" errors="0">
  <testcase name="loginPageTitle" time="6.900" classname="nopCommerceTestNG.qa.testcases.LoginPageTest"/>
</testsuite> <!-- nopCommerceTestNG.qa.testcases.LoginPageTest -->
