<?xml version="1.0" encoding="UTF-8"?>
<!-- Generated by org.testng.reporters.JUnitReportReporter -->
<testsuite skipped="0" hostname="DESKTOP-JBGQ09U" name="nopCommerceTestNG.qa.testcases.HomePageTest" tests="10" failures="0" timestamp="22 Jul 2020 20:25:08 GMT" time="106.842" errors="0">
  <testcase name="clickPromotionsTest" time="9.246" classname="nopCommerceTestNG.qa.testcases.HomePageTest"/>
  <testcase name="homePageTitleTest" time="10.055" classname="nopCommerceTestNG.qa.testcases.HomePageTest"/>
  <testcase name="cickHelpTest" time="10.321" classname="nopCommerceTestNG.qa.testcases.HomePageTest"/>
  <testcase name="clickSalesTest" time="13.034" classname="nopCommerceTestNG.qa.testcases.HomePageTest"/>
  <testcase name="clickCatalogTest" time="10.600" classname="nopCommerceTestNG.qa.testcases.HomePageTest"/>
  <testcase name="clickConfiguratioinsTest" time="10.714" classname="nopCommerceTestNG.qa.testcases.HomePageTest"/>
  <testcase name="clickSystemTest" time="11.261" classname="nopCommerceTestNG.qa.testcases.HomePageTest"/>
  <testcase name="clickCustomersTest" time="11.175" classname="nopCommerceTestNG.qa.testcases.HomePageTest"/>
  <testcase name="clickCmanagementTest" time="10.888" classname="nopCommerceTestNG.qa.testcases.HomePageTest"/>
  <testcase name="clickReportsTest" time="9.548" classname="nopCommerceTestNG.qa.testcases.HomePageTest"/>
</testsuite> <!-- nopCommerceTestNG.qa.testcases.HomePageTest -->
