<?xml version="1.0" encoding="UTF-8"?>
<!-- Generated by org.testng.reporters.JUnitReportReporter -->
<testsuite skipped="1" hostname="DESKTOP-JBGQ09U" name="nopCommerceTestNG.qa.testcases.ManufacturersPageTest" tests="2" failures="0" timestamp="22 Jul 2020 20:25:08 GMT" time="11.102" errors="0">
  <testcase name="searchPublishedOnlyTest" time="11.102" classname="nopCommerceTestNG.qa.testcases.ManufacturersPageTest"/>
  <testcase name="searchAllTest" classname="nopCommerceTestNG.qa.testcases.ManufacturersPageTest">
    <skipped/>
  </testcase> <!-- searchAllTest -->
</testsuite> <!-- nopCommerceTestNG.qa.testcases.ManufacturersPageTest -->
